<?xml version="1.0" encoding="UTF-8" ?>
<testsuite tests="6" failures="0" name="eapli.base.clientusermanagement.domain.ClientUserTest" time="0.173" errors="0" skipped="0">
  <properties>
    <property name="java.runtime.name" value="Java(TM) SE Runtime Environment"/>
    <property name="java.vm.version" value="11.0.11+9-LTS-194"/>
    <property name="sun.boot.library.path" value="C:\Program Files\Java\jdk-11.0.11\bin"/>
    <property name="maven.multiModuleProjectDirectory" value="C:\Users\marti\Documents\2ANO2SEMESTRE\LAPR4\LEI21_22_S4_2DK_01"/>
    <property name="java.vm.vendor" value="Oracle Corporation"/>
    <property name="java.vendor.url" value="https://openjdk.java.net/"/>
    <property name="guice.disable.misplaced.annotation.check" value="true"/>
    <property name="path.separator" value=";"/>
    <property name="java.vm.name" value="Java HotSpot(TM) 64-Bit Server VM"/>
    <property name="sun.os.patch.level" value=""/>
    <property name="user.script" value=""/>
    <property name="user.country" value="PT"/>
    <property name="sun.java.launcher" value="SUN_STANDARD"/>
    <property name="java.vm.specification.name" value="Java Virtual Machine Specification"/>
    <property name="user.dir" value="C:\Users\marti\Documents\2ANO2SEMESTRE\LAPR4\LEI21_22_S4_2DK_01"/>
    <property name="java.vm.compressedOopsMode" value="Zero based"/>
    <property name="java.runtime.version" value="11.0.11+9-LTS-194"/>
    <property name="java.awt.graphicsenv" value="sun.awt.Win32GraphicsEnvironment"/>
    <property name="os.arch" value="amd64"/>
    <property name="java.io.tmpdir" value="C:\Users\marti\AppData\Local\Temp\"/>
    <property name="line.separator" value="
"/>
    <property name="java.vm.specification.vendor" value="Oracle Corporation"/>
    <property name="user.variant" value=""/>
    <property name="os.name" value="Windows 10"/>
    <property name="classworlds.conf" value="C:\Users\marti\Documents\2ANO2SEMESTRE\apache-maven-3.8.5-bin\apache-maven-3.8.5\bin\m2.conf"/>
    <property name="sun.jnu.encoding" value="Cp1252"/>
    <property name="java.library.path" value="C:\Program Files\Java\jdk-11.0.11\bin;C:\WINDOWS\Sun\Java\bin;C:\WINDOWS\system32;C:\WINDOWS;C:\WINDOWS\System32;C:\Program Files\Java\jdk-11.0.11\bin;C:\Users\marti\AppData\Local\Microsoft\WindowsApps;C:\Program Files\JetBrains\IntelliJ IDEA Community Edition 2020.2.3\bin;;C:\Users\marti\Documents\VISUAL STUDIO\bin;C:\Program Files\JetBrains\IntelliJ IDEA 2021.3.3\bin;C:\Users\marti\Documents\2ANO2SEMESTRE\apache-maven-3.8.5-bin\apache-maven-3.8.5\bin;;."/>
    <property name="maven.conf" value="C:\Users\marti\Documents\2ANO2SEMESTRE\apache-maven-3.8.5-bin\apache-maven-3.8.5/conf"/>
    <property name="jdk.debug" value="release"/>
    <property name="java.class.version" value="55.0"/>
    <property name="java.specification.name" value="Java Platform API Specification"/>
    <property name="sun.management.compiler" value="HotSpot 64-Bit Tiered Compilers"/>
    <property name="os.version" value="10.0"/>
    <property name="library.jansi.path" value="C:\Users\marti\Documents\2ANO2SEMESTRE\apache-maven-3.8.5-bin\apache-maven-3.8.5\lib\jansi-native"/>
    <property name="user.home" value="C:\Users\marti"/>
    <property name="user.timezone" value="Europe/London"/>
    <property name="java.awt.printerjob" value="sun.awt.windows.WPrinterJob"/>
    <property name="file.encoding" value="Cp1252"/>
    <property name="java.specification.version" value="11"/>
    <property name="user.name" value="marti"/>
    <property name="java.class.path" value="C:\Users\marti\Documents\2ANO2SEMESTRE\apache-maven-3.8.5-bin\apache-maven-3.8.5\boot\plexus-classworlds-2.6.0.jar"/>
    <property name="java.vm.specification.version" value="11"/>
    <property name="sun.arch.data.model" value="64"/>
    <property name="sun.java.command" value="org.codehaus.plexus.classworlds.launcher.Launcher dependency:copy-dependencies package"/>
    <property name="java.home" value="C:\Program Files\Java\jdk-11.0.11"/>
    <property name="user.language" value="pt"/>
    <property name="java.specification.vendor" value="Oracle Corporation"/>
    <property name="awt.toolkit" value="sun.awt.windows.WToolkit"/>
    <property name="java.vm.info" value="mixed mode"/>
    <property name="java.version" value="11.0.11"/>
    <property name="java.vendor" value="Oracle Corporation"/>
    <property name="sun.stderr.encoding" value="cp850"/>
    <property name="maven.home" value="C:\Users\marti\Documents\2ANO2SEMESTRE\apache-maven-3.8.5-bin\apache-maven-3.8.5"/>
    <property name="file.separator" value="\"/>
    <property name="java.version.date" value="2021-04-20"/>
    <property name="java.vendor.url.bug" value="https://bugreport.java.com/bugreport/"/>
    <property name="sun.io.unicode.encoding" value="UnicodeLittle"/>
    <property name="sun.cpu.endian" value="little"/>
    <property name="java.vendor.version" value="18.9"/>
    <property name="sun.stdout.encoding" value="cp850"/>
    <property name="sun.desktop" value="windows"/>
    <property name="sun.cpu.isalist" value="amd64"/>
  </properties>
  <testcase classname="eapli.base.clientusermanagement.domain.ClientUserTest" name="ensureClientUserEqualsAreTheSameForTheSameInstance" time="0"/>
  <testcase classname="eapli.base.clientusermanagement.domain.ClientUserTest" name="ensureClientUserIsTheSameAsItsInstance" time="0.157"/>
  <testcase classname="eapli.base.clientusermanagement.domain.ClientUserTest" name="ensureClientUserEqualsFailsForDifferenteMecanographicNumber" time="0"/>
  <testcase classname="eapli.base.clientusermanagement.domain.ClientUserTest" name="ensureClientUserEqualsPassesForTheSameMecanographicNumber" time="0"/>
  <testcase classname="eapli.base.clientusermanagement.domain.ClientUserTest" name="ensureTwoClientUserWithDifferentMecanographicNumbersAreNotTheSame" time="0.016"/>
  <testcase classname="eapli.base.clientusermanagement.domain.ClientUserTest" name="ensureClientUserEqualsFailsForDifferenteObjectTypes" time="0"/>
</testsuite>